<?xml version="1.0" encoding="UTF-8"?>
<testng-results ignored="0" total="1" passed="1" failed="0" skipped="0">
  <reporter-output>
  </reporter-output>
  <suite started-at="2023-02-27T07:04:01 BDT" name="Default suite" finished-at="2023-02-27T07:04:26 BDT" duration-ms="24362">
    <groups>
    </groups>
    <test started-at="2023-02-27T07:04:01 BDT" name="Default test" finished-at="2023-02-27T07:04:26 BDT" duration-ms="24362">
      <class name="com.bd.LocatorIdentifyOfIqunix">
        <test-method is-config="true" signature="start()[pri:0, instance:com.bd.LocatorIdentifyOfIqunix@6892b3b6]" started-at="2023-02-27T07:03:36 BDT" name="start" finished-at="2023-02-27T07:04:01 BDT" duration-ms="25096" status="PASS">
          <reporter-output>
          </reporter-output>
        </test-method> <!-- start -->
        <test-method signature="testLocator()[pri:0, instance:com.bd.LocatorIdentifyOfIqunix@6892b3b6]" started-at="2023-02-27T07:04:01 BDT" name="testLocator" finished-at="2023-02-27T07:04:26 BDT" duration-ms="24334" status="PASS">
          <reporter-output>
          </reporter-output>
        </test-method> <!-- testLocator -->
        <test-method is-config="true" signature="close()[pri:0, instance:com.bd.LocatorIdentifyOfIqunix@6892b3b6]" started-at="2023-02-27T07:04:26 BDT" name="close" finished-at="2023-02-27T07:04:26 BDT" duration-ms="122" status="PASS">
          <reporter-output>
          </reporter-output>
        </test-method> <!-- close -->
      </class> <!-- com.bd.LocatorIdentifyOfIqunix -->
    </test> <!-- Default test -->
  </suite> <!-- Default suite -->
</testng-results>
